<?xml version="1.0" encoding="UTF-8"?>
<testng-results ignored="0" total="5" passed="4" failed="1" skipped="0">
  <reporter-output>
  </reporter-output>
  <suite started-at="2022-07-11T09:47:09 IST" name="Default suite" finished-at="2022-07-11T09:47:28 IST" duration-ms="19447">
    <groups>
      <group name="cucumber">
        <method signature="AbstractTestNGCucumberTests.runScenario(io.cucumber.testng.PickleWrapper,io.cucumber.testng.FeatureWrapper)[pri:0, instance:testRunner.TestRunner@32502377]" name="runScenario" class="io.cucumber.testng.AbstractTestNGCucumberTests"/>
      </group> <!-- cucumber -->
    </groups>
    <test started-at="2022-07-11T09:47:09 IST" name="Default test" finished-at="2022-07-11T09:47:28 IST" duration-ms="19447">
      <class name="testRunner.TestRunner">
        <test-method is-config="true" signature="setUpClass()[pri:0, instance:testRunner.TestRunner@32502377]" started-at="2022-07-11T09:47:09 IST" name="setUpClass" finished-at="2022-07-11T09:47:09 IST" duration-ms="426" status="PASS">
          <reporter-output>
          </reporter-output>
        </test-method> <!-- setUpClass -->
        <test-method signature="runScenario(io.cucumber.testng.PickleWrapper,io.cucumber.testng.FeatureWrapper)[pri:0, instance:testRunner.TestRunner@32502377]" started-at="2022-07-11T09:47:09 IST" name="runScenario" description="Runs Cucumber Scenarios" data-provider="scenarios" finished-at="2022-07-11T09:47:17 IST" duration-ms="8146" status="PASS">
          <params>
            <param index="0">
              <value>
                <![CDATA["Performing place products into cart"]]>
              </value>
            </param>
            <param index="1">
              <value>
                <![CDATA["Optional[Greenkart - Place multiple product into cart]"]]>
              </value>
            </param>
          </params>
          <reporter-output>
          </reporter-output>
        </test-method> <!-- runScenario -->
        <test-method signature="runScenario(io.cucumber.testng.PickleWrapper,io.cucumber.testng.FeatureWrapper)[pri:0, instance:testRunner.TestRunner@32502377]" started-at="2022-07-11T09:47:17 IST" name="runScenario" description="Runs Cucumber Scenarios" data-provider="scenarios" finished-at="2022-07-11T09:47:21 IST" duration-ms="3621" status="PASS">
          <params>
            <param index="0">
              <value>
                <![CDATA["Performing place order operation"]]>
              </value>
            </param>
            <param index="1">
              <value>
                <![CDATA["Optional[Greenkart - Place an Order]"]]>
              </value>
            </param>
          </params>
          <reporter-output>
          </reporter-output>
        </test-method> <!-- runScenario -->
        <test-method signature="runScenario(io.cucumber.testng.PickleWrapper,io.cucumber.testng.FeatureWrapper)[pri:0, instance:testRunner.TestRunner@32502377]" started-at="2022-07-11T09:47:21 IST" name="runScenario" description="Runs Cucumber Scenarios" data-provider="scenarios" finished-at="2022-07-11T09:47:25 IST" duration-ms="3631" status="PASS">
          <params>
            <param index="0">
              <value>
                <![CDATA["Performing place products into cart"]]>
              </value>
            </param>
            <param index="1">
              <value>
                <![CDATA["Optional[Greenkart - Remove from cart]"]]>
              </value>
            </param>
          </params>
          <reporter-output>
          </reporter-output>
        </test-method> <!-- runScenario -->
        <test-method signature="runScenario(io.cucumber.testng.PickleWrapper,io.cucumber.testng.FeatureWrapper)[pri:0, instance:testRunner.TestRunner@32502377]" started-at="2022-07-11T09:47:25 IST" name="runScenario" description="Runs Cucumber Scenarios" data-provider="scenarios" finished-at="2022-07-11T09:47:27 IST" duration-ms="2710" status="PASS">
          <params>
            <param index="0">
              <value>
                <![CDATA["Performing search operation"]]>
              </value>
            </param>
            <param index="1">
              <value>
                <![CDATA["Optional[Greenkart - Search Product]"]]>
              </value>
            </param>
          </params>
          <reporter-output>
          </reporter-output>
        </test-method> <!-- runScenario -->
        <test-method signature="runScenario(io.cucumber.testng.PickleWrapper,io.cucumber.testng.FeatureWrapper)[pri:0, instance:testRunner.TestRunner@32502377]" started-at="2022-07-11T09:47:27 IST" name="runScenario" description="Runs Cucumber Scenarios" data-provider="scenarios" finished-at="2022-07-11T09:47:28 IST" duration-ms="424" status="FAIL">
          <params>
            <param index="0">
              <value>
                <![CDATA["Performing wrong search operation"]]>
              </value>
            </param>
            <param index="1">
              <value>
                <![CDATA["Optional[Greenkart - Search Wrong Product]"]]>
              </value>
            </param>
          </params>
          <exception class="java.lang.RuntimeException">
            <message>
              <![CDATA[route_searchProduct not specified in the properties file.]]>
            </message>
            <full-stacktrace>
              <![CDATA[java.lang.RuntimeException: route_searchProduct not specified in the properties file.
at services.ConfigReader.getPropertyValue(ConfigReader.java:77)
at pages.HomePage.searchWrongProduct(HomePage.java:54)
at stepDef.HomeDef.enters_wrong_product_name_into_searchbox(HomeDef.java:45)
at ✽.enters wrong product name into searchbox(classpath:features/searchWrongProduct.feature:8)
]]>
            </full-stacktrace>
          </exception> <!-- java.lang.RuntimeException -->
          <reporter-output>
          </reporter-output>
        </test-method> <!-- runScenario -->
        <test-method is-config="true" signature="tearDownClass()[pri:0, instance:testRunner.TestRunner@32502377]" started-at="2022-07-11T09:47:28 IST" name="tearDownClass" finished-at="2022-07-11T09:47:28 IST" duration-ms="451" status="PASS">
          <reporter-output>
          </reporter-output>
        </test-method> <!-- tearDownClass -->
      </class> <!-- testRunner.TestRunner -->
    </test> <!-- Default test -->
  </suite> <!-- Default suite -->
</testng-results>
