<?xml version="1.0" encoding="UTF-8"?>
<!-- Generated by org.testng.reporters.JUnitReportReporter -->
<testsuite hostname="TSLC1588" failures="0" tests="5" name="testRunner.TestRunner" time="18.532" errors="1" timestamp="2022-07-11T09:47:28 IST" skipped="0">
  <testcase classname="testRunner.TestRunner" name="runScenario" time="3.621"/>
  <system-out/>
  <testcase classname="testRunner.TestRunner" name="runScenario" time="2.710"/>
  <system-out/>
  <testcase classname="testRunner.TestRunner" name="runScenario" time="8.146"/>
  <system-out/>
  <testcase classname="testRunner.TestRunner" name="runScenario" time="3.631"/>
  <system-out/>
  <testcase classname="testRunner.TestRunner" name="runScenario" time="0.424">
    <error message="route_searchProduct not specified in the properties file." type="java.lang.RuntimeException">
      <![CDATA[java.lang.RuntimeException: route_searchProduct not specified in the properties file.
at services.ConfigReader.getPropertyValue(ConfigReader.java:77)
at pages.HomePage.searchWrongProduct(HomePage.java:54)
at stepDef.HomeDef.enters_wrong_product_name_into_searchbox(HomeDef.java:45)
at ✽.enters wrong product name into searchbox(classpath:features/searchWrongProduct.feature:8)
]]>
    </error>
  </testcase> <!-- runScenario -->
  <system-out/>
</testsuite> <!-- testRunner.TestRunner -->
